{"numFailedTestSuites":0,"numFailedTests":0,"numPassedTestSuites":16,"numPassedTests":45,"numPendingTestSuites":0,"numPendingTests":0,"numRuntimeErrorTestSuites":0,"numTodoTests":0,"numTotalTestSuites":16,"numTotalTests":45,"openHandles":[],"snapshot":{"added":0,"didUpdate":false,"failure":false,"filesAdded":0,"filesRemoved":0,"filesRemovedList":[],"filesUnmatched":0,"filesUpdated":0,"matched":10,"total":10,"unchecked":0,"uncheckedKeysByFile":[],"unmatched":0,"updated":0},"startTime":1616099855744,"success":true,"testResults":[{"assertionResults":[{"ancestorTitles":["actionCreators","context","navigation","contextSetNavigationAction()"],"failureMessages":[],"fullName":"actionCreators context navigation contextSetNavigationAction() must return action with given payload","location":null,"status":"passed","title":"must return action with given payload"},{"ancestorTitles":["actionCreators","context","progress","contextSetProgressAction()"],"failureMessages":[],"fullName":"actionCreators context progress contextSetProgressAction() must return action with given payload","location":null,"status":"passed","title":"must return action with given payload"},{"ancestorTitles":["actionCreators","ui","listCars","uiCreateListCarsAction()"],"failureMessages":[],"fullName":"actionCreators ui listCars uiCreateListCarsAction() must return action with given payload","location":null,"status":"passed","title":"must return action with given payload"},{"ancestorTitles":["actionCreators","ui","listCars","uiUpdateListCarsAction()"],"failureMessages":[],"fullName":"actionCreators ui listCars uiUpdateListCarsAction() must return action with given payload","location":null,"status":"passed","title":"must return action with given payload"},{"ancestorTitles":["actionCreators","ui","listCars","uiDeleteListCarsAction()"],"failureMessages":[],"fullName":"actionCreators ui listCars uiDeleteListCarsAction() must return action with given payload","location":null,"status":"passed","title":"must return action with given payload"},{"ancestorTitles":["actionCreators","ui","listCars","uiSelectListCarsAction()"],"failureMessages":[],"fullName":"actionCreators ui listCars uiSelectListCarsAction() must return action with given payload","location":null,"status":"passed","title":"must return action with given payload"},{"ancestorTitles":["actionCreators","ui","listCars","uiSetListCarsEditAction()"],"failureMessages":[],"fullName":"actionCreators ui listCars uiSetListCarsEditAction() must return action with given payload","location":null,"status":"passed","title":"must return action with given payload"},{"ancestorTitles":["actionCreators","ui","listCars","uiSetListCarsSortAction()"],"failureMessages":[],"fullName":"actionCreators ui listCars uiSetListCarsSortAction() must return action with given payload","location":null,"status":"passed","title":"must return action with given payload"},{"ancestorTitles":["actionCreators","ui","listCars","uiSetListCarsSearchAction()"],"failureMessages":[],"fullName":"actionCreators ui listCars uiSetListCarsSearchAction() must return action with given payload","location":null,"status":"passed","title":"must return action with given payload"},{"ancestorTitles":["actionCreators","ui","listCars","uiSetListCarsPaginationAction()"],"failureMessages":[],"fullName":"actionCreators ui listCars uiSetListCarsPaginationAction() must return action with given payload","location":null,"status":"passed","title":"must return action with given payload"},{"ancestorTitles":["actionCreators","ui","bestCars","uiSelectBestCarsAction()"],"failureMessages":[],"fullName":"actionCreators ui bestCars uiSelectBestCarsAction() must return action with given payload","location":null,"status":"passed","title":"must return action with given payload"},{"ancestorTitles":["actionCreators","ui","bestCars","uiSetBestCarsSortAction()"],"failureMessages":[],"fullName":"actionCreators ui bestCars uiSetBestCarsSortAction() must return action with given payload","location":null,"status":"passed","title":"must return action with given payload"},{"ancestorTitles":["actionCreators","ui","bestCars","uiSetBestCarsSearchAction()"],"failureMessages":[],"fullName":"actionCreators ui bestCars uiSetBestCarsSearchAction() must return action with given payload","location":null,"status":"passed","title":"must return action with given payload"},{"ancestorTitles":["actionCreators","ui","bestCars","uiSetBestCarsPaginationAction()"],"failureMessages":[],"fullName":"actionCreators ui bestCars uiSetBestCarsPaginationAction() must return action with given payload","location":null,"status":"passed","title":"must return action with given payload"}],"endTime":1616099863648,"message":"","name":"/Users/mts/PapHub/dealer/packages/core/src/store/action/__tests__/actionCreators.test.js","startTime":1616099858584,"status":"passed","summary":""},{"assertionResults":[{"ancestorTitles":["<NotFoundPage />","Render"],"failureMessages":[],"fullName":"<NotFoundPage /> Render must match async","location":null,"status":"passed","title":"must match async"},{"ancestorTitles":["<NotFoundPage />","Render"],"failureMessages":[],"fullName":"<NotFoundPage /> Render must match regular","location":null,"status":"passed","title":"must match regular"}],"endTime":1616099867129,"message":"","name":"/Users/mts/PapHub/dealer/packages/core/src/pattern/page/NotFoundPage/__tests__/NotFoundPage.int.test.js","startTime":1616099858995,"status":"passed","summary":""},{"assertionResults":[{"ancestorTitles":["client","setAppDefaultState()"],"failureMessages":[],"fullName":"client setAppDefaultState() must set app state","location":null,"status":"passed","title":"must set app state"}],"endTime":1616099868606,"message":"","name":"/Users/mts/PapHub/dealer/packages/core/src/store/__tests__/client.test.js","startTime":1616099867167,"status":"passed","summary":""},{"assertionResults":[{"ancestorTitles":["<Navigator />","Render"],"failureMessages":[],"fullName":"<Navigator /> Render must match regular","location":null,"status":"passed","title":"must match regular"}],"endTime":1616099868787,"message":"","name":"/Users/mts/PapHub/dealer/packages/core/src/pattern/molecule/Navigator/__tests__/Navigator.int.test.js","startTime":1616099858919,"status":"passed","summary":""},{"assertionResults":[{"ancestorTitles":["index","appRootRoute"],"failureMessages":[],"fullName":"index appRootRoute must return app root route object","location":null,"status":"passed","title":"must return app root route object"},{"ancestorTitles":["index","listCarPageRoute"],"failureMessages":[],"fullName":"index listCarPageRoute must return list car page route object","location":null,"status":"passed","title":"must return list car page route object"},{"ancestorTitles":["index","bestCarPageRoute"],"failureMessages":[],"fullName":"index bestCarPageRoute must return best car page route object","location":null,"status":"passed","title":"must return best car page route object"},{"ancestorTitles":["index","notFoundPageRoute"],"failureMessages":[],"fullName":"index notFoundPageRoute must return not found page route object","location":null,"status":"passed","title":"must return not found page route object"}],"endTime":1616099868909,"message":"","name":"/Users/mts/PapHub/dealer/packages/core/src/route/__tests__/index.test.js","startTime":1616099858728,"status":"passed","summary":""},{"assertionResults":[{"ancestorTitles":["<ListCarTemplate />","Render"],"failureMessages":[],"fullName":"<ListCarTemplate /> Render must match regular()","location":null,"status":"passed","title":"must match regular()"}],"endTime":1616099869642,"message":"","name":"/Users/mts/PapHub/dealer/packages/core/src/pattern/template/ListCarTemplate/__tests__/ListCarTemplate.int.test.js","startTime":1616099858907,"status":"passed","summary":""},{"assertionResults":[{"ancestorTitles":["<BestCarPage />","Render"],"failureMessages":[],"fullName":"<BestCarPage /> Render must match async()","location":null,"status":"passed","title":"must match async()"},{"ancestorTitles":["<BestCarPage />","Render"],"failureMessages":[],"fullName":"<BestCarPage /> Render must match regular()","location":null,"status":"passed","title":"must match regular()"}],"endTime":1616099869698,"message":"","name":"/Users/mts/PapHub/dealer/packages/core/src/pattern/page/BestCarPage/__tests__/BestCarPage.int.test.js","startTime":1616099858863,"status":"passed","summary":""},{"assertionResults":[{"ancestorTitles":["path","appRootPath"],"failureMessages":[],"fullName":"path appRootPath must return path with base url when process.env.BASE_URL is present","location":null,"status":"passed","title":"must return path with base url when process.env.BASE_URL is present"},{"ancestorTitles":["path","appRootPath"],"failureMessages":[],"fullName":"path appRootPath must return path without base url when process.env.BASE_URL is absent","location":null,"status":"passed","title":"must return path without base url when process.env.BASE_URL is absent"},{"ancestorTitles":["path","listCarPagePath"],"failureMessages":[],"fullName":"path listCarPagePath must return path with base url when process.env.BASE_URL is present","location":null,"status":"passed","title":"must return path with base url when process.env.BASE_URL is present"},{"ancestorTitles":["path","listCarPagePath"],"failureMessages":[],"fullName":"path listCarPagePath must return path without base url when process.env.BASE_URL is absent","location":null,"status":"passed","title":"must return path without base url when process.env.BASE_URL is absent"},{"ancestorTitles":["path","bestCarPagePath"],"failureMessages":[],"fullName":"path bestCarPagePath must return path with base url when process.env.BASE_URL is present","location":null,"status":"passed","title":"must return path with base url when process.env.BASE_URL is present"},{"ancestorTitles":["path","bestCarPagePath"],"failureMessages":[],"fullName":"path bestCarPagePath must return path without base url when process.env.BASE_URL is absent","location":null,"status":"passed","title":"must return path without base url when process.env.BASE_URL is absent"}],"endTime":1616099869743,"message":"","name":"/Users/mts/PapHub/dealer/packages/core/src/route/__tests__/path.test.js","startTime":1616099868864,"status":"passed","summary":""},{"assertionResults":[{"ancestorTitles":["<BestCarTemplate />","Render"],"failureMessages":[],"fullName":"<BestCarTemplate /> Render must match regular()","location":null,"status":"passed","title":"must match regular()"}],"endTime":1616099869817,"message":"","name":"/Users/mts/PapHub/dealer/packages/core/src/pattern/template/BestCarTemplate/__tests__/BestCarTemplate.int.test.js","startTime":1616099863686,"status":"passed","summary":""},{"assertionResults":[{"ancestorTitles":["<ListCarPage />","Render"],"failureMessages":[],"fullName":"<ListCarPage /> Render must match async()","location":null,"status":"passed","title":"must match async()"},{"ancestorTitles":["<ListCarPage />","Render"],"failureMessages":[],"fullName":"<ListCarPage /> Render must match regular()","location":null,"status":"passed","title":"must match regular()"}],"endTime":1616099869848,"message":"","name":"/Users/mts/PapHub/dealer/packages/core/src/pattern/page/ListCarPage/__tests__/ListCarPage.int.test.js","startTime":1616099858754,"status":"passed","summary":""},{"assertionResults":[{"ancestorTitles":["index","hosts and indicators"],"failureMessages":[],"fullName":"index hosts and indicators must return all hosts and indicators","location":null,"status":"passed","title":"must return all hosts and indicators"},{"ancestorTitles":["index","currentHost"],"failureMessages":[],"fullName":"index currentHost must equal localhost when running on localhost","location":null,"status":"passed","title":"must equal localhost when running on localhost"},{"ancestorTitles":["index","currentHost"],"failureMessages":[],"fullName":"index currentHost must equal elsewhere host when running elsewhere","location":null,"status":"passed","title":"must equal elsewhere host when running elsewhere"},{"ancestorTitles":["index","isRunningOnLocalHost"],"failureMessages":[],"fullName":"index isRunningOnLocalHost must be truthy when running on localhost","location":null,"status":"passed","title":"must be truthy when running on localhost"},{"ancestorTitles":["index","isRunningOnLocalHost"],"failureMessages":[],"fullName":"index isRunningOnLocalHost must be falsy when running elsewhere","location":null,"status":"passed","title":"must be falsy when running elsewhere"}],"endTime":1616099869999,"message":"","name":"/Users/mts/PapHub/dealer/packages/core/src/library/environment/host/__tests__/index.test.js","startTime":1616099869011,"status":"passed","summary":""},{"assertionResults":[{"ancestorTitles":["<NotFoundTemplate />","Render"],"failureMessages":[],"fullName":"<NotFoundTemplate /> Render must match regular","location":null,"status":"passed","title":"must match regular"}],"endTime":1616099870210,"message":"","name":"/Users/mts/PapHub/dealer/packages/core/src/pattern/template/NotFoundTemplate/__tests__/NotFoundTemplate.int.test.js","startTime":1616099868677,"status":"passed","summary":""},{"assertionResults":[{"ancestorTitles":["index","useBindActionCreators()"],"failureMessages":[],"fullName":"index useBindActionCreators() must return all bound actions and thunks","location":null,"status":"passed","title":"must return all bound actions and thunks"}],"endTime":1616099870450,"message":"","name":"/Users/mts/PapHub/dealer/packages/core/src/store/dispatch/__tests__/index.test.js","startTime":1616099869741,"status":"passed","summary":""},{"assertionResults":[{"ancestorTitles":["index","setMiddlewares()"],"failureMessages":[],"fullName":"index setMiddlewares() must have thunk and logger middleware when running on localhost","location":null,"status":"passed","title":"must have thunk and logger middleware when running on localhost"},{"ancestorTitles":["index","setMiddlewares()"],"failureMessages":[],"fullName":"index setMiddlewares() must only have thunk middleware when not running on localhost","location":null,"status":"passed","title":"must only have thunk middleware when not running on localhost"}],"endTime":1616099870455,"message":"","name":"/Users/mts/PapHub/dealer/packages/core/src/store/__tests__/base.test.js","startTime":1616099869745,"status":"passed","summary":""},{"assertionResults":[{"ancestorTitles":["actionTypes"],"failureMessages":[],"fullName":"actionTypes must return all action types","location":null,"status":"passed","title":"must return all action types"}],"endTime":1616099870497,"message":"","name":"/Users/mts/PapHub/dealer/packages/core/src/store/action/__tests__/actionTypes.test.js","startTime":1616099869805,"status":"passed","summary":""},{"assertionResults":[{"ancestorTitles":["index"],"failureMessages":[],"fullName":"index must return all constants","location":null,"status":"passed","title":"must return all constants"}],"endTime":1616099870558,"message":"","name":"/Users/mts/PapHub/dealer/packages/core/src/library/constant/__tests__/index.test.js","startTime":1616099869914,"status":"passed","summary":""}],"wasInterrupted":false}