{"numFailedTestSuites":0,"numFailedTests":0,"numPassedTestSuites":16,"numPassedTests":45,"numPendingTestSuites":0,"numPendingTests":0,"numRuntimeErrorTestSuites":0,"numTodoTests":0,"numTotalTestSuites":16,"numTotalTests":45,"openHandles":[],"snapshot":{"added":0,"didUpdate":false,"failure":false,"filesAdded":0,"filesRemoved":0,"filesRemovedList":[],"filesUnmatched":0,"filesUpdated":0,"matched":10,"total":10,"unchecked":0,"uncheckedKeysByFile":[],"unmatched":0,"updated":0},"startTime":1767920777591,"success":true,"testResults":[{"assertionResults":[{"ancestorTitles":["actionCreators","context","navigation","contextSetNavigationAction()"],"duration":25,"failing":false,"failureDetails":[],"failureMessages":[],"fullName":"actionCreators context navigation contextSetNavigationAction() must return action with given payload","invocations":1,"location":null,"numPassingAsserts":1,"retryReasons":[],"startAt":1767920787369,"status":"passed","title":"must return action with given payload"},{"ancestorTitles":["actionCreators","context","progress","contextSetProgressAction()"],"duration":0,"failing":false,"failureDetails":[],"failureMessages":[],"fullName":"actionCreators context progress contextSetProgressAction() must return action with given payload","invocations":1,"location":null,"numPassingAsserts":1,"retryReasons":[],"startAt":1767920787395,"status":"passed","title":"must return action with given payload"},{"ancestorTitles":["actionCreators","ui","listCars","uiCreateListCarsAction()"],"duration":1,"failing":false,"failureDetails":[],"failureMessages":[],"fullName":"actionCreators ui listCars uiCreateListCarsAction() must return action with given payload","invocations":1,"location":null,"numPassingAsserts":1,"retryReasons":[],"startAt":1767920787395,"status":"passed","title":"must return action with given payload"},{"ancestorTitles":["actionCreators","ui","listCars","uiUpdateListCarsAction()"],"duration":0,"failing":false,"failureDetails":[],"failureMessages":[],"fullName":"actionCreators ui listCars uiUpdateListCarsAction() must return action with given payload","invocations":1,"location":null,"numPassingAsserts":1,"retryReasons":[],"startAt":1767920787397,"status":"passed","title":"must return action with given payload"},{"ancestorTitles":["actionCreators","ui","listCars","uiDeleteListCarsAction()"],"duration":0,"failing":false,"failureDetails":[],"failureMessages":[],"fullName":"actionCreators ui listCars uiDeleteListCarsAction() must return action with given payload","invocations":1,"location":null,"numPassingAsserts":1,"retryReasons":[],"startAt":1767920787398,"status":"passed","title":"must return action with given payload"},{"ancestorTitles":["actionCreators","ui","listCars","uiSelectListCarsAction()"],"duration":1,"failing":false,"failureDetails":[],"failureMessages":[],"fullName":"actionCreators ui listCars uiSelectListCarsAction() must return action with given payload","invocations":1,"location":null,"numPassingAsserts":1,"retryReasons":[],"startAt":1767920787399,"status":"passed","title":"must return action with given payload"},{"ancestorTitles":["actionCreators","ui","listCars","uiSetListCarsEditAction()"],"duration":1,"failing":false,"failureDetails":[],"failureMessages":[],"fullName":"actionCreators ui listCars uiSetListCarsEditAction() must return action with given payload","invocations":1,"location":null,"numPassingAsserts":1,"retryReasons":[],"startAt":1767920787400,"status":"passed","title":"must return action with given payload"},{"ancestorTitles":["actionCreators","ui","listCars","uiSetListCarsSortAction()"],"duration":1,"failing":false,"failureDetails":[],"failureMessages":[],"fullName":"actionCreators ui listCars uiSetListCarsSortAction() must return action with given payload","invocations":1,"location":null,"numPassingAsserts":1,"retryReasons":[],"startAt":1767920787401,"status":"passed","title":"must return action with given payload"},{"ancestorTitles":["actionCreators","ui","listCars","uiSetListCarsSearchAction()"],"duration":0,"failing":false,"failureDetails":[],"failureMessages":[],"fullName":"actionCreators ui listCars uiSetListCarsSearchAction() must return action with given payload","invocations":1,"location":null,"numPassingAsserts":1,"retryReasons":[],"startAt":1767920787402,"status":"passed","title":"must return action with given payload"},{"ancestorTitles":["actionCreators","ui","listCars","uiSetListCarsPaginationAction()"],"duration":1,"failing":false,"failureDetails":[],"failureMessages":[],"fullName":"actionCreators ui listCars uiSetListCarsPaginationAction() must return action with given payload","invocations":1,"location":null,"numPassingAsserts":1,"retryReasons":[],"startAt":1767920787402,"status":"passed","title":"must return action with given payload"},{"ancestorTitles":["actionCreators","ui","bestCars","uiSelectBestCarsAction()"],"duration":0,"failing":false,"failureDetails":[],"failureMessages":[],"fullName":"actionCreators ui bestCars uiSelectBestCarsAction() must return action with given payload","invocations":1,"location":null,"numPassingAsserts":1,"retryReasons":[],"startAt":1767920787403,"status":"passed","title":"must return action with given payload"},{"ancestorTitles":["actionCreators","ui","bestCars","uiSetBestCarsSortAction()"],"duration":0,"failing":false,"failureDetails":[],"failureMessages":[],"fullName":"actionCreators ui bestCars uiSetBestCarsSortAction() must return action with given payload","invocations":1,"location":null,"numPassingAsserts":1,"retryReasons":[],"startAt":1767920787403,"status":"passed","title":"must return action with given payload"},{"ancestorTitles":["actionCreators","ui","bestCars","uiSetBestCarsSearchAction()"],"duration":0,"failing":false,"failureDetails":[],"failureMessages":[],"fullName":"actionCreators ui bestCars uiSetBestCarsSearchAction() must return action with given payload","invocations":1,"location":null,"numPassingAsserts":1,"retryReasons":[],"startAt":1767920787404,"status":"passed","title":"must return action with given payload"},{"ancestorTitles":["actionCreators","ui","bestCars","uiSetBestCarsPaginationAction()"],"duration":0,"failing":false,"failureDetails":[],"failureMessages":[],"fullName":"actionCreators ui bestCars uiSetBestCarsPaginationAction() must return action with given payload","invocations":1,"location":null,"numPassingAsserts":1,"retryReasons":[],"startAt":1767920787404,"status":"passed","title":"must return action with given payload"}],"endTime":1767920787406,"message":"","name":"/Users/mts/PapillonBitsHub/dealer/packages/core/src/store/action/__tests__/actionCreators.test.js","startTime":1767920778115,"status":"passed","summary":""},{"assertionResults":[{"ancestorTitles":["<NotFoundPage />","Render"],"duration":113,"failing":false,"failureDetails":[],"failureMessages":[],"fullName":"<NotFoundPage /> Render must match async","invocations":1,"location":null,"numPassingAsserts":1,"retryReasons":[],"startAt":1767920788907,"status":"passed","title":"must match async"},{"ancestorTitles":["<NotFoundPage />","Render"],"duration":85,"failing":false,"failureDetails":[],"failureMessages":[],"fullName":"<NotFoundPage /> Render must match regular","invocations":1,"location":null,"numPassingAsserts":1,"retryReasons":[],"startAt":1767920789020,"status":"passed","title":"must match regular"}],"endTime":1767920789106,"message":"","name":"/Users/mts/PapillonBitsHub/dealer/packages/core/src/pattern/page/NotFoundPage/__tests__/NotFoundPage.int.test.js","startTime":1767920778118,"status":"passed","summary":""},{"assertionResults":[{"ancestorTitles":["index","appRootRoute"],"duration":14,"failing":false,"failureDetails":[],"failureMessages":[],"fullName":"index appRootRoute must return app root route object","invocations":1,"location":null,"numPassingAsserts":1,"retryReasons":[],"startAt":1767920790011,"status":"passed","title":"must return app root route object"},{"ancestorTitles":["index","listCarPageRoute"],"duration":103,"failing":false,"failureDetails":[],"failureMessages":[],"fullName":"index listCarPageRoute must return list car page route object","invocations":1,"location":null,"numPassingAsserts":1,"retryReasons":[],"startAt":1767920790026,"status":"passed","title":"must return list car page route object"},{"ancestorTitles":["index","bestCarPageRoute"],"duration":1,"failing":false,"failureDetails":[],"failureMessages":[],"fullName":"index bestCarPageRoute must return best car page route object","invocations":1,"location":null,"numPassingAsserts":1,"retryReasons":[],"startAt":1767920790136,"status":"passed","title":"must return best car page route object"},{"ancestorTitles":["index","notFoundPageRoute"],"duration":1,"failing":false,"failureDetails":[],"failureMessages":[],"fullName":"index notFoundPageRoute must return not found page route object","invocations":1,"location":null,"numPassingAsserts":1,"retryReasons":[],"startAt":1767920790138,"status":"passed","title":"must return not found page route object"}],"endTime":1767920790142,"message":"","name":"/Users/mts/PapillonBitsHub/dealer/packages/core/src/route/__tests__/index.test.js","startTime":1767920778046,"status":"passed","summary":""},{"assertionResults":[{"ancestorTitles":["<NotFoundTemplate />","Render"],"duration":93,"failing":false,"failureDetails":[],"failureMessages":[],"fullName":"<NotFoundTemplate /> Render must match regular","invocations":1,"location":null,"numPassingAsserts":1,"retryReasons":[],"startAt":1767920790664,"status":"passed","title":"must match regular"}],"endTime":1767920790758,"message":"","name":"/Users/mts/PapillonBitsHub/dealer/packages/core/src/pattern/template/NotFoundTemplate/__tests__/NotFoundTemplate.int.test.js","startTime":1767920787480,"status":"passed","summary":""},{"assertionResults":[{"ancestorTitles":["index","useBindActionCreators()"],"duration":3,"failing":false,"failureDetails":[],"failureMessages":[],"fullName":"index useBindActionCreators() must return all bound actions and thunks","invocations":1,"location":null,"numPassingAsserts":1,"retryReasons":[],"startAt":1767920790763,"status":"passed","title":"must return all bound actions and thunks"}],"endTime":1767920790766,"message":"","name":"/Users/mts/PapillonBitsHub/dealer/packages/core/src/store/dispatch/__tests__/index.test.js","startTime":1767920789173,"status":"passed","summary":""},{"assertionResults":[{"ancestorTitles":["index","hosts and indicators"],"duration":2,"failing":false,"failureDetails":[],"failureMessages":[],"fullName":"index hosts and indicators must return all hosts and indicators","invocations":1,"location":null,"numPassingAsserts":3,"retryReasons":[],"startAt":1767920791912,"status":"passed","title":"must return all hosts and indicators"},{"ancestorTitles":["index","currentHost"],"duration":31,"failing":false,"failureDetails":[],"failureMessages":[],"fullName":"index currentHost must equal localhost when running on localhost","invocations":1,"location":null,"numPassingAsserts":1,"retryReasons":[],"startAt":1767920791914,"status":"passed","title":"must equal localhost when running on localhost"},{"ancestorTitles":["index","currentHost"],"duration":11,"failing":false,"failureDetails":[],"failureMessages":[],"fullName":"index currentHost must equal elsewhere host when running elsewhere","invocations":1,"location":null,"numPassingAsserts":1,"retryReasons":[],"startAt":1767920791946,"status":"passed","title":"must equal elsewhere host when running elsewhere"},{"ancestorTitles":["index","isRunningOnLocalHost"],"duration":2,"failing":false,"failureDetails":[],"failureMessages":[],"fullName":"index isRunningOnLocalHost must be truthy when running on localhost","invocations":1,"location":null,"numPassingAsserts":1,"retryReasons":[],"startAt":1767920791957,"status":"passed","title":"must be truthy when running on localhost"},{"ancestorTitles":["index","isRunningOnLocalHost"],"duration":3,"failing":false,"failureDetails":[],"failureMessages":[],"fullName":"index isRunningOnLocalHost must be falsy when running elsewhere","invocations":1,"location":null,"numPassingAsserts":1,"retryReasons":[],"startAt":1767920791959,"status":"passed","title":"must be falsy when running elsewhere"}],"endTime":1767920791963,"message":"","name":"/Users/mts/PapillonBitsHub/dealer/packages/core/src/library/environment/host/__tests__/index.test.js","startTime":1767920790280,"status":"passed","summary":""},{"assertionResults":[{"ancestorTitles":["actionTypes"],"duration":4,"failing":false,"failureDetails":[],"failureMessages":[],"fullName":"actionTypes must return all action types","invocations":1,"location":null,"numPassingAsserts":14,"retryReasons":[],"startAt":1767920792117,"status":"passed","title":"must return all action types"}],"endTime":1767920792122,"message":"","name":"/Users/mts/PapillonBitsHub/dealer/packages/core/src/store/action/__tests__/actionTypes.test.js","startTime":1767920790767,"status":"passed","summary":""},{"assertionResults":[{"ancestorTitles":["path","appRootPath"],"duration":3,"failing":false,"failureDetails":[],"failureMessages":[],"fullName":"path appRootPath must return path with base url when process.env.BASE_URL is present","invocations":1,"location":null,"numPassingAsserts":1,"retryReasons":[],"startAt":1767920793611,"status":"passed","title":"must return path with base url when process.env.BASE_URL is present"},{"ancestorTitles":["path","appRootPath"],"duration":2,"failing":false,"failureDetails":[],"failureMessages":[],"fullName":"path appRootPath must return path without base url when process.env.BASE_URL is absent","invocations":1,"location":null,"numPassingAsserts":1,"retryReasons":[],"startAt":1767920793614,"status":"passed","title":"must return path without base url when process.env.BASE_URL is absent"},{"ancestorTitles":["path","listCarPagePath"],"duration":1,"failing":false,"failureDetails":[],"failureMessages":[],"fullName":"path listCarPagePath must return path with base url when process.env.BASE_URL is present","invocations":1,"location":null,"numPassingAsserts":1,"retryReasons":[],"startAt":1767920793617,"status":"passed","title":"must return path with base url when process.env.BASE_URL is present"},{"ancestorTitles":["path","listCarPagePath"],"duration":2,"failing":false,"failureDetails":[],"failureMessages":[],"fullName":"path listCarPagePath must return path without base url when process.env.BASE_URL is absent","invocations":1,"location":null,"numPassingAsserts":1,"retryReasons":[],"startAt":1767920793618,"status":"passed","title":"must return path without base url when process.env.BASE_URL is absent"},{"ancestorTitles":["path","bestCarPagePath"],"duration":1,"failing":false,"failureDetails":[],"failureMessages":[],"fullName":"path bestCarPagePath must return path with base url when process.env.BASE_URL is present","invocations":1,"location":null,"numPassingAsserts":1,"retryReasons":[],"startAt":1767920793620,"status":"passed","title":"must return path with base url when process.env.BASE_URL is present"},{"ancestorTitles":["path","bestCarPagePath"],"duration":1,"failing":false,"failureDetails":[],"failureMessages":[],"fullName":"path bestCarPagePath must return path without base url when process.env.BASE_URL is absent","invocations":1,"location":null,"numPassingAsserts":1,"retryReasons":[],"startAt":1767920793621,"status":"passed","title":"must return path without base url when process.env.BASE_URL is absent"}],"endTime":1767920793622,"message":"","name":"/Users/mts/PapillonBitsHub/dealer/packages/core/src/route/__tests__/path.test.js","startTime":1767920791983,"status":"passed","summary":""},{"assertionResults":[{"ancestorTitles":["client","setAppDefaultState()"],"duration":169,"failing":false,"failureDetails":[],"failureMessages":[],"fullName":"client setAppDefaultState() must set app state","invocations":1,"location":null,"numPassingAsserts":1,"retryReasons":[],"startAt":1767920794260,"status":"passed","title":"must set app state"}],"endTime":1767920794430,"message":"","name":"/Users/mts/PapillonBitsHub/dealer/packages/core/src/store/__tests__/client.test.js","startTime":1767920792148,"status":"passed","summary":""},{"assertionResults":[{"ancestorTitles":["index","setMiddlewares()"],"duration":4,"failing":false,"failureDetails":[],"failureMessages":[],"fullName":"index setMiddlewares() must have thunk and logger middleware when running on localhost","invocations":1,"location":null,"numPassingAsserts":2,"retryReasons":[],"startAt":1767920795751,"status":"passed","title":"must have thunk and logger middleware when running on localhost"},{"ancestorTitles":["index","setMiddlewares()"],"duration":0,"failing":false,"failureDetails":[],"failureMessages":[],"fullName":"index setMiddlewares() must only have thunk middleware when not running on localhost","invocations":1,"location":null,"numPassingAsserts":2,"retryReasons":[],"startAt":1767920795756,"status":"passed","title":"must only have thunk middleware when not running on localhost"}],"endTime":1767920795757,"message":"","name":"/Users/mts/PapillonBitsHub/dealer/packages/core/src/store/__tests__/base.test.js","startTime":1767920793648,"status":"passed","summary":""},{"assertionResults":[{"ancestorTitles":["index"],"duration":3,"failing":false,"failureDetails":[],"failureMessages":[],"fullName":"index must return all constants","invocations":1,"location":null,"numPassingAsserts":11,"retryReasons":[],"startAt":1767920796577,"status":"passed","title":"must return all constants"}],"endTime":1767920796580,"message":"","name":"/Users/mts/PapillonBitsHub/dealer/packages/core/src/library/constant/__tests__/index.test.js","startTime":1767920794458,"status":"passed","summary":""},{"assertionResults":[{"ancestorTitles":["<ListCarTemplate />","Render"],"duration":1549,"failing":false,"failureDetails":[],"failureMessages":[],"fullName":"<ListCarTemplate /> Render must match regular()","invocations":1,"location":null,"numPassingAsserts":1,"retryReasons":[],"startAt":1767920797693,"status":"passed","title":"must match regular()"}],"endTime":1767920799246,"message":"","name":"/Users/mts/PapillonBitsHub/dealer/packages/core/src/pattern/template/ListCarTemplate/__tests__/ListCarTemplate.int.test.js","startTime":1767920778105,"status":"passed","summary":""},{"assertionResults":[{"ancestorTitles":["<BestCarPage />","Render"],"duration":174,"failing":false,"failureDetails":[],"failureMessages":[],"fullName":"<BestCarPage /> Render must match async()","invocations":1,"location":null,"numPassingAsserts":1,"retryReasons":[],"startAt":1767920798580,"status":"passed","title":"must match async()"},{"ancestorTitles":["<BestCarPage />","Render"],"duration":499,"failing":false,"failureDetails":[],"failureMessages":[],"fullName":"<BestCarPage /> Render must match regular()","invocations":1,"location":null,"numPassingAsserts":1,"retryReasons":[],"startAt":1767920798754,"status":"passed","title":"must match regular()"}],"endTime":1767920799255,"message":"","name":"/Users/mts/PapillonBitsHub/dealer/packages/core/src/pattern/page/BestCarPage/__tests__/BestCarPage.int.test.js","startTime":1767920778107,"status":"passed","summary":""},{"assertionResults":[{"ancestorTitles":["<BestCarTemplate />","Render"],"duration":370,"failing":false,"failureDetails":[],"failureMessages":[],"fullName":"<BestCarTemplate /> Render must match regular()","invocations":1,"location":null,"numPassingAsserts":1,"retryReasons":[],"startAt":1767920799937,"status":"passed","title":"must match regular()"}],"endTime":1767920800309,"message":"","name":"/Users/mts/PapillonBitsHub/dealer/packages/core/src/pattern/template/BestCarTemplate/__tests__/BestCarTemplate.int.test.js","startTime":1767920778123,"status":"passed","summary":""},{"assertionResults":[{"ancestorTitles":["<ListCarPage />","Render"],"duration":174,"failing":false,"failureDetails":[],"failureMessages":[],"fullName":"<ListCarPage /> Render must match async()","invocations":1,"location":null,"numPassingAsserts":1,"retryReasons":[],"startAt":1767920799401,"status":"passed","title":"must match async()"},{"ancestorTitles":["<ListCarPage />","Render"],"duration":852,"failing":false,"failureDetails":[],"failureMessages":[],"fullName":"<ListCarPage /> Render must match regular()","invocations":1,"location":null,"numPassingAsserts":1,"retryReasons":[],"startAt":1767920799576,"status":"passed","title":"must match regular()"}],"endTime":1767920800436,"message":"","name":"/Users/mts/PapillonBitsHub/dealer/packages/core/src/pattern/page/ListCarPage/__tests__/ListCarPage.int.test.js","startTime":1767920778174,"status":"passed","summary":""},{"assertionResults":[{"ancestorTitles":["<Navigator />","Render"],"duration":27,"failing":false,"failureDetails":[],"failureMessages":[],"fullName":"<Navigator /> Render must match regular","invocations":1,"location":null,"numPassingAsserts":1,"retryReasons":[],"startAt":1767920801586,"status":"passed","title":"must match regular"}],"endTime":1767920801614,"message":"","name":"/Users/mts/PapillonBitsHub/dealer/packages/core/src/pattern/molecule/Navigator/__tests__/Navigator.int.test.js","startTime":1767920790776,"status":"passed","summary":""}],"wasInterrupted":false}
